Arguments: 
  /nix/store/glm121byv3q8q3b18xg4f0xkzc6wdvlg-nodejs-16.15.0/bin/node /run/current-system/sw/bin/yarn global bin

PATH: 
  /Users/mishakrul/.rbenv/bin:/Users/mishakrul/Library/Application Support/cloud-code/installer/google-cloud-sdk/bin:/Users/mishakrul/Library/Application Support/cloud-code/installer/google-cloud-sdk/bin:/Users/mishakrul/.rvm/gems/ruby-3.0.0/bin:/Users/mishakrul/.rvm/gems/ruby-3.0.0@global/bin:/Users/mishakrul/.rvm/rubies/ruby-3.0.0/bin:/Users/mishakrul/.nvm/versions/node/v20.10.0/bin:/usr/local/opt/postgresql@10/bin:/usr/local/opt/postgresql@10/bin:/Users/mishakrul/google-cloud-sdk/bin:/Users/mishakrul/.rbenv/bin:/Users/mishakrul/.nix-profile/bin:/run/current-system/sw/bin:/nix/var/nix/profiles/default/bin:/usr/local/bin:/usr/bin:/usr/sbin:/bin:/sbin:/Users/mishakrul/.rvm/bin:/usr/local/bin:/var/lib/postgresql/15/:/Users/mishakrul/.rvm/bin

Yarn version: 
  1.22.18

Node version: 
  16.15.0

Platform: 
  darwin x64

Trace: 
  SyntaxError: /Users/mishakrul/Desktop/projects/rescue-reform/server/package.json: Unexpected token } in JSON at position 164
      at JSON.parse (<anonymous>)
      at /nix/store/kx05w3mknjxjfzfqcjvbamnx9j23rmky-yarn-1.22.18/libexec/yarn/lib/cli.js:1625:59
      at Generator.next (<anonymous>)
      at step (/nix/store/kx05w3mknjxjfzfqcjvbamnx9j23rmky-yarn-1.22.18/libexec/yarn/lib/cli.js:310:30)
      at /nix/store/kx05w3mknjxjfzfqcjvbamnx9j23rmky-yarn-1.22.18/libexec/yarn/lib/cli.js:321:13

npm manifest: 
  {
    "name": "server",
    "version": "1.0.0",
    "description": "",
    "main": "index.js",
    "scripts": {
      "test": "echo \"Error: no test specified\" && exit 1",
  
    },
    "keywords": [],
    "author": "",
    "license": "ISC"
  }

yarn manifest: 
  No manifest

Lockfile: 
  No lockfile
